2021-06-25 17:24:28,675 INFO o.a.j.u.JMeterUtils: Setting Locale to zh_CN
2021-06-25 17:24:28,688 INFO o.a.j.JMeter: Loading user properties from: user.properties
2021-06-25 17:24:28,689 INFO o.a.j.JMeter: Loading system properties from: system.properties
2021-06-25 17:24:28,695 INFO o.a.j.JMeter: Copyright (c) 1998-2021 The Apache Software Foundation
2021-06-25 17:24:28,695 INFO o.a.j.JMeter: Version 5.4.1
2021-06-25 17:24:28,695 INFO o.a.j.JMeter: java.version=1.8.0_181
2021-06-25 17:24:28,695 INFO o.a.j.JMeter: java.vm.name=Java HotSpot(TM) 64-Bit Server VM
2021-06-25 17:24:28,695 INFO o.a.j.JMeter: os.name=Windows 10
2021-06-25 17:24:28,695 INFO o.a.j.JMeter: os.arch=amd64
2021-06-25 17:24:28,695 INFO o.a.j.JMeter: os.version=10.0
2021-06-25 17:24:28,695 INFO o.a.j.JMeter: file.encoding=GBK
2021-06-25 17:24:28,695 INFO o.a.j.JMeter: java.awt.headless=null
2021-06-25 17:24:28,695 INFO o.a.j.JMeter: Max memory     =3787980800
2021-06-25 17:24:28,695 INFO o.a.j.JMeter: Available Processors =16
2021-06-25 17:24:28,700 INFO o.a.j.JMeter: Default Locale=中文 (中国)
2021-06-25 17:24:28,700 INFO o.a.j.JMeter: JMeter  Locale=中文 (中国)
2021-06-25 17:24:28,700 INFO o.a.j.JMeter: JMeterHome=D:\apache-jmeter-5.4.1
2021-06-25 17:24:28,700 INFO o.a.j.JMeter: user.dir  =D:\apache-jmeter-5.4.1\bin
2021-06-25 17:24:28,701 INFO o.a.j.JMeter: PWD       =D:\apache-jmeter-5.4.1\bin
2021-06-25 17:24:28,701 INFO o.a.j.JMeter: IP: 172.28.144.1 Name: islu FullName: islu.mshome.net
2021-06-25 17:24:28,777 INFO o.a.j.JMeter: Setting LAF to: com.github.weisj.darklaf.DarkLaf:com.github.weisj.darklaf.theme.DarculaTheme
2021-06-25 17:24:29,161 INFO o.a.j.JMeter: Loaded icon properties from org/apache/jmeter/images/icon.properties
2021-06-25 17:24:56,360 INFO o.a.j.s.FileServer: Default base='D:\apache-jmeter-5.4.1\bin'
